<?xml version="1.0" encoding="UTF-8"?>
<!-- Generated by org.testng.reporters.JUnitReportReporter -->
<testsuite hostname="DESKTOP-LLMSC2K" failures="0" tests="6" name="testCases.uTest_Method" time="112.240" errors="0" timestamp="2023-02-10T15:13:20 IST" skipped="0">
  <testcase classname="testCases.uTest_Method" name="uTest_google" time="10.644"/>
  <system-out/>
  <testcase classname="testCases.uTest_Method" name="uTest_Home" time="8.936"/>
  <system-out/>
  <testcase classname="testCases.uTest_Method" name="uTest_first" time="36.426"/>
  <system-out/>
  <testcase classname="testCases.uTest_Method" name="uTestSecond" time="20.725"/>
  <system-out/>
  <testcase classname="testCases.uTest_Method" name="uTestthird" time="32.909"/>
  <system-out/>
  <testcase classname="testCases.uTest_Method" name="uTestfourth" time="2.600"/>
  <system-out/>
</testsuite> <!-- testCases.uTest_Method -->
